0 info it worked if it ends with ok
1 verbose cli [ 'C:\\Program Files\\nodejs\\node.exe',
1 verbose cli   'C:\\Program Files\\nodejs\\node_modules\\npm\\bin\\npm-cli.js',
1 verbose cli   'run-script',
1 verbose cli   'pug' ]
2 info using npm@3.10.10
3 info using node@v7.2.1
4 verbose run-script [ 'prepug', 'pug', 'postpug' ]
5 info lifecycle berik@1.0.0~prepug: berik@1.0.0
6 silly lifecycle berik@1.0.0~prepug: no script for prepug, continuing
7 info lifecycle berik@1.0.0~pug: berik@1.0.0
8 verbose lifecycle berik@1.0.0~pug: unsafe-perm in lifecycle true
9 verbose lifecycle berik@1.0.0~pug: PATH: C:\Program Files\nodejs\node_modules\npm\bin\node-gyp-bin;D:\Web Development Education\LearnJSRu\Final project\components\node_modules\.bin;C:\Users\Berik.Taspihov\bin;C:\Program Files\Git\mingw64\bin;C:\Program Files\Git\usr\local\bin;C:\Program Files\Git\usr\bin;C:\Program Files\Git\usr\bin;C:\Program Files\Git\mingw64\bin;C:\Program Files\Git\usr\bin;C:\Users\Berik.Taspihov\bin;C:\ProgramData\Oracle\Java\javapath;C:\Windows\system32;C:\Windows;C:\Windows\System32\Wbem;C:\Windows\System32\WindowsPowerShell\v1.0;C:\Program Files (x86)\Skype\Phone;C:\Program Files (x86)\Microsoft SQL Server\100\Tools\Binn;C:\Program Files\Microsoft SQL Server\100\Tools\Binn;C:\Program Files\Microsoft SQL Server\100\DTS\Binn;C:\Program Files (x86)\Microsoft SQL Server\100\Tools\Binn\VSShell\Common7\IDE;C:\Program Files (x86)\Microsoft Visual Studio 9.0\Common7\IDE\PrivateAssemblies;C:\Program Files (x86)\Microsoft SQL Server\100\DTS\Binn;C:\Program Files\Java\jdk1.8.0_91\bin;C:\Program Files\TortoiseHg;C:\Program Files\nodejs;C:\Program Files\Git\cmd;C:\Users\Berik.Taspihov\AppData\Local\atom\bin;C:\Users\Berik.Taspihov\AppData\Roaming\npm;C:\Program Files\Git\usr\bin\vendor_perl;C:\Program Files\Git\usr\bin\core_perl
10 verbose lifecycle berik@1.0.0~pug: CWD: D:\Web Development Education\LearnJSRu\Final project\components
11 silly lifecycle berik@1.0.0~pug: Args: [ '/d /s /c',
11 silly lifecycle   'pug components/menu/menu.tmpl.pug -c -O \'{name: "menuTmpl"}\' ' ]
12 silly lifecycle berik@1.0.0~pug: Returned: code: 1  signal: null
13 info lifecycle berik@1.0.0~pug: Failed to exec pug script
14 verbose stack Error: berik@1.0.0 pug: `pug components/menu/menu.tmpl.pug -c -O '{name: "menuTmpl"}' `
14 verbose stack Exit status 1
14 verbose stack     at EventEmitter.<anonymous> (C:\Program Files\nodejs\node_modules\npm\lib\utils\lifecycle.js:255:16)
14 verbose stack     at emitTwo (events.js:106:13)
14 verbose stack     at EventEmitter.emit (events.js:191:7)
14 verbose stack     at ChildProcess.<anonymous> (C:\Program Files\nodejs\node_modules\npm\lib\utils\spawn.js:40:14)
14 verbose stack     at emitTwo (events.js:106:13)
14 verbose stack     at ChildProcess.emit (events.js:191:7)
14 verbose stack     at maybeClose (internal/child_process.js:885:16)
14 verbose stack     at Process.ChildProcess._handle.onexit (internal/child_process.js:226:5)
15 verbose pkgid berik@1.0.0
16 verbose cwd D:\Web Development Education\LearnJSRu\Final project\components
17 error Windows_NT 6.1.7601
18 error argv "C:\\Program Files\\nodejs\\node.exe" "C:\\Program Files\\nodejs\\node_modules\\npm\\bin\\npm-cli.js" "run-script" "pug"
19 error node v7.2.1
20 error npm  v3.10.10
21 error code ELIFECYCLE
22 error berik@1.0.0 pug: `pug components/menu/menu.tmpl.pug -c -O '{name: "menuTmpl"}' `
22 error Exit status 1
23 error Failed at the berik@1.0.0 pug script 'pug components/menu/menu.tmpl.pug -c -O '{name: "menuTmpl"}' '.
23 error Make sure you have the latest version of node.js and npm installed.
23 error If you do, this is most likely a problem with the berik package,
23 error not with npm itself.
23 error Tell the author that this fails on your system:
23 error     pug components/menu/menu.tmpl.pug -c -O '{name: "menuTmpl"}'
23 error You can get information on how to open an issue for this project with:
23 error     npm bugs berik
23 error Or if that isn't available, you can get their info via:
23 error     npm owner ls berik
23 error There is likely additional logging output above.
24 verbose exit [ 1, true ]
